{"C:\\Projects\\life-dashboard\\lib\\autoEmoji.ts": {"path":"C:\\Projects\\life-dashboard\\lib\\autoEmoji.ts","all":false,"statementMap":{"9":{"start":{"line":10,"column":0},"end":{"line":10,"column":15}},"10":{"start":{"line":11,"column":0},"end":{"line":11,"column":33}},"11":{"start":{"line":12,"column":0},"end":{"line":12,"column":22}},"12":{"start":{"line":13,"column":0},"end":{"line":13,"column":18}},"13":{"start":{"line":14,"column":0},"end":{"line":14,"column":27}},"14":{"start":{"line":15,"column":0},"end":{"line":15,"column":19}},"15":{"start":{"line":16,"column":0},"end":{"line":16,"column":19}},"16":{"start":{"line":17,"column":0},"end":{"line":17,"column":19}},"17":{"start":{"line":18,"column":0},"end":{"line":18,"column":20}},"18":{"start":{"line":19,"column":0},"end":{"line":19,"column":20}},"19":{"start":{"line":20,"column":0},"end":{"line":20,"column":20}},"20":{"start":{"line":21,"column":0},"end":{"line":21,"column":32}},"21":{"start":{"line":22,"column":0},"end":{"line":22,"column":19}},"22":{"start":{"line":23,"column":0},"end":{"line":23,"column":30}},"23":{"start":{"line":24,"column":0},"end":{"line":24,"column":20}},"24":{"start":{"line":25,"column":0},"end":{"line":25,"column":29}},"25":{"start":{"line":26,"column":0},"end":{"line":26,"column":21}},"26":{"start":{"line":27,"column":0},"end":{"line":27,"column":20}},"27":{"start":{"line":28,"column":0},"end":{"line":28,"column":20}},"28":{"start":{"line":29,"column":0},"end":{"line":29,"column":20}},"29":{"start":{"line":30,"column":0},"end":{"line":30,"column":19}},"30":{"start":{"line":31,"column":0},"end":{"line":31,"column":28}},"31":{"start":{"line":32,"column":0},"end":{"line":32,"column":20}},"32":{"start":{"line":33,"column":0},"end":{"line":33,"column":18}},"33":{"start":{"line":34,"column":0},"end":{"line":34,"column":21}},"34":{"start":{"line":35,"column":0},"end":{"line":35,"column":11}},"38":{"start":{"line":39,"column":0},"end":{"line":39,"column":62}},"40":{"start":{"line":41,"column":0},"end":{"line":41,"column":49}},"41":{"start":{"line":42,"column":0},"end":{"line":42,"column":42}},"42":{"start":{"line":43,"column":0},"end":{"line":43,"column":42}},"43":{"start":{"line":44,"column":0},"end":{"line":44,"column":62}},"44":{"start":{"line":45,"column":0},"end":{"line":45,"column":3}},"45":{"start":{"line":46,"column":0},"end":{"line":46,"column":14}},"46":{"start":{"line":47,"column":0},"end":{"line":47,"column":68}},"47":{"start":{"line":48,"column":0},"end":{"line":48,"column":49}},"48":{"start":{"line":49,"column":0},"end":{"line":49,"column":1}}},"s":{"9":1,"10":1,"11":1,"12":1,"13":1,"14":1,"15":1,"16":1,"17":1,"18":1,"19":1,"20":1,"21":1,"22":1,"23":1,"24":1,"25":1,"26":1,"27":1,"28":1,"29":1,"30":1,"31":1,"32":1,"33":1,"34":1,"38":1,"40":1,"41":70,"42":70,"43":1047,"44":1047,"45":26,"46":70,"47":70,"48":70},"branchMap":{"0":{"type":"branch","line":41,"loc":{"start":{"line":41,"column":7},"end":{"line":49,"column":1}},"locations":[{"start":{"line":41,"column":7},"end":{"line":49,"column":1}}]},"1":{"type":"branch","line":43,"loc":{"start":{"line":43,"column":41},"end":{"line":45,"column":3}},"locations":[{"start":{"line":43,"column":41},"end":{"line":45,"column":3}}]},"2":{"type":"branch","line":44,"loc":{"start":{"line":44,"column":49},"end":{"line":44,"column":62}},"locations":[{"start":{"line":44,"column":49},"end":{"line":44,"column":62}}]},"3":{"type":"branch","line":45,"loc":{"start":{"line":45,"column":2},"end":{"line":47,"column":48}},"locations":[{"start":{"line":45,"column":2},"end":{"line":47,"column":48}}]},"4":{"type":"branch","line":47,"loc":{"start":{"line":47,"column":41},"end":{"line":47,"column":68}},"locations":[{"start":{"line":47,"column":41},"end":{"line":47,"column":68}}]},"5":{"type":"branch","line":47,"loc":{"start":{"line":47,"column":66},"end":{"line":48,"column":44}},"locations":[{"start":{"line":47,"column":66},"end":{"line":48,"column":44}}]},"6":{"type":"branch","line":48,"loc":{"start":{"line":48,"column":39},"end":{"line":48,"column":49}},"locations":[{"start":{"line":48,"column":39},"end":{"line":48,"column":49}}]},"7":{"type":"branch","line":44,"loc":{"start":{"line":44,"column":22},"end":{"line":44,"column":46}},"locations":[{"start":{"line":44,"column":22},"end":{"line":44,"column":46}}]}},"b":{"0":[70],"1":[1047],"2":[44],"3":[26],"4":[154],"5":[26],"6":[0],"7":[1315]},"fnMap":{"0":{"name":"autoEmoji","decl":{"start":{"line":41,"column":7},"end":{"line":49,"column":1}},"loc":{"start":{"line":41,"column":7},"end":{"line":49,"column":1}},"line":41}},"f":{"0":70}}
,"C:\\Projects\\life-dashboard\\lib\\correlations.ts": {"path":"C:\\Projects\\life-dashboard\\lib\\correlations.ts","all":false,"statementMap":{"0":{"start":{"line":1,"column":0},"end":{"line":1,"column":52}},"15":{"start":{"line":16,"column":0},"end":{"line":16,"column":61}},"16":{"start":{"line":17,"column":0},"end":{"line":17,"column":43}},"17":{"start":{"line":18,"column":0},"end":{"line":18,"column":22}},"19":{"start":{"line":20,"column":0},"end":{"line":20,"column":16}},"20":{"start":{"line":21,"column":0},"end":{"line":21,"column":16}},"21":{"start":{"line":22,"column":0},"end":{"line":22,"column":31}},"22":{"start":{"line":23,"column":0},"end":{"line":23,"column":24}},"23":{"start":{"line":24,"column":0},"end":{"line":24,"column":24}},"24":{"start":{"line":25,"column":0},"end":{"line":25,"column":3}},"25":{"start":{"line":26,"column":0},"end":{"line":26,"column":13}},"26":{"start":{"line":27,"column":0},"end":{"line":27,"column":13}},"28":{"start":{"line":29,"column":0},"end":{"line":29,"column":14}},"29":{"start":{"line":30,"column":0},"end":{"line":30,"column":15}},"30":{"start":{"line":31,"column":0},"end":{"line":31,"column":15}},"31":{"start":{"line":32,"column":0},"end":{"line":32,"column":31}},"32":{"start":{"line":33,"column":0},"end":{"line":33,"column":36}},"33":{"start":{"line":34,"column":0},"end":{"line":34,"column":36}},"34":{"start":{"line":35,"column":0},"end":{"line":35,"column":19}},"35":{"start":{"line":36,"column":0},"end":{"line":36,"column":20}},"36":{"start":{"line":37,"column":0},"end":{"line":37,"column":20}},"37":{"start":{"line":38,"column":0},"end":{"line":38,"column":3}},"39":{"start":{"line":40,"column":0},"end":{"line":40,"column":41}},"40":{"start":{"line":41,"column":0},"end":{"line":41,"column":38}},"41":{"start":{"line":42,"column":0},"end":{"line":42,"column":1}},"52":{"start":{"line":53,"column":0},"end":{"line":53,"column":63}},"53":{"start":{"line":54,"column":0},"end":{"line":54,"column":26}},"54":{"start":{"line":55,"column":0},"end":{"line":55,"column":34}},"55":{"start":{"line":56,"column":0},"end":{"line":56,"column":36}},"56":{"start":{"line":57,"column":0},"end":{"line":57,"column":16}},"57":{"start":{"line":58,"column":0},"end":{"line":58,"column":1}},"69":{"start":{"line":70,"column":0},"end":{"line":70,"column":32}},"70":{"start":{"line":71,"column":0},"end":{"line":71,"column":19}},"71":{"start":{"line":72,"column":0},"end":{"line":72,"column":22}},"72":{"start":{"line":73,"column":0},"end":{"line":73,"column":76}},"73":{"start":{"line":74,"column":0},"end":{"line":74,"column":24}},"74":{"start":{"line":75,"column":0},"end":{"line":75,"column":78}},"75":{"start":{"line":76,"column":0},"end":{"line":76,"column":50}},"78":{"start":{"line":79,"column":0},"end":{"line":79,"column":58}},"79":{"start":{"line":80,"column":0},"end":{"line":80,"column":58}},"80":{"start":{"line":81,"column":0},"end":{"line":81,"column":28}},"81":{"start":{"line":82,"column":0},"end":{"line":82,"column":43}},"82":{"start":{"line":83,"column":0},"end":{"line":83,"column":25}},"84":{"start":{"line":85,"column":0},"end":{"line":85,"column":57}},"85":{"start":{"line":86,"column":0},"end":{"line":86,"column":31}},"86":{"start":{"line":87,"column":0},"end":{"line":87,"column":3}},"88":{"start":{"line":89,"column":0},"end":{"line":89,"column":42}},"89":{"start":{"line":90,"column":0},"end":{"line":90,"column":33}},"90":{"start":{"line":91,"column":0},"end":{"line":91,"column":45}},"91":{"start":{"line":92,"column":0},"end":{"line":92,"column":34}},"92":{"start":{"line":93,"column":0},"end":{"line":93,"column":34}},"93":{"start":{"line":94,"column":0},"end":{"line":94,"column":27}},"95":{"start":{"line":96,"column":0},"end":{"line":96,"column":30}},"96":{"start":{"line":97,"column":0},"end":{"line":97,"column":30}},"97":{"start":{"line":98,"column":0},"end":{"line":98,"column":38}},"98":{"start":{"line":99,"column":0},"end":{"line":99,"column":34}},"99":{"start":{"line":100,"column":0},"end":{"line":100,"column":34}},"100":{"start":{"line":101,"column":0},"end":{"line":101,"column":25}},"101":{"start":{"line":102,"column":0},"end":{"line":102,"column":25}},"102":{"start":{"line":103,"column":0},"end":{"line":103,"column":9}},"103":{"start":{"line":104,"column":0},"end":{"line":104,"column":7}},"104":{"start":{"line":105,"column":0},"end":{"line":105,"column":39}},"106":{"start":{"line":107,"column":0},"end":{"line":107,"column":32}},"107":{"start":{"line":108,"column":0},"end":{"line":108,"column":20}},"108":{"start":{"line":109,"column":0},"end":{"line":109,"column":12}},"109":{"start":{"line":110,"column":0},"end":{"line":110,"column":12}},"110":{"start":{"line":111,"column":0},"end":{"line":111,"column":10}},"111":{"start":{"line":112,"column":0},"end":{"line":112,"column":21}},"112":{"start":{"line":113,"column":0},"end":{"line":113,"column":32}},"113":{"start":{"line":114,"column":0},"end":{"line":114,"column":24}},"114":{"start":{"line":115,"column":0},"end":{"line":115,"column":9}},"115":{"start":{"line":116,"column":0},"end":{"line":116,"column":7}},"116":{"start":{"line":117,"column":0},"end":{"line":117,"column":5}},"120":{"start":{"line":121,"column":0},"end":{"line":121,"column":56}},"121":{"start":{"line":122,"column":0},"end":{"line":122,"column":31}},"122":{"start":{"line":123,"column":0},"end":{"line":123,"column":1}}},"s":{"0":1,"15":1,"16":42,"17":42,"19":40,"20":40,"21":42,"22":333,"23":333,"24":333,"25":40,"26":40,"28":40,"29":40,"30":40,"31":42,"32":333,"33":333,"34":333,"35":333,"36":333,"37":333,"39":42,"40":36,"41":36,"52":28,"53":28,"54":28,"55":28,"56":12,"57":12,"69":1,"70":22,"71":22,"72":22,"73":22,"74":22,"75":22,"78":22,"79":22,"80":22,"81":427,"82":427,"84":427,"85":377,"86":377,"88":22,"89":22,"90":49,"91":36,"92":36,"93":36,"95":36,"96":36,"97":36,"98":311,"99":311,"100":286,"101":286,"102":286,"103":311,"104":36,"106":28,"107":28,"108":28,"109":28,"110":28,"111":28,"112":28,"113":28,"114":28,"115":49,"116":22,"120":22,"121":22,"122":22},"branchMap":{"0":{"type":"branch","line":16,"loc":{"start":{"line":16,"column":7},"end":{"line":42,"column":1}},"locations":[{"start":{"line":16,"column":7},"end":{"line":42,"column":1}}]},"1":{"type":"branch","line":18,"loc":{"start":{"line":18,"column":13},"end":{"line":18,"column":22}},"locations":[{"start":{"line":18,"column":13},"end":{"line":18,"column":22}}]},"2":{"type":"branch","line":18,"loc":{"start":{"line":18,"column":20},"end":{"line":22,"column":30}},"locations":[{"start":{"line":18,"column":20},"end":{"line":22,"column":30}}]},"3":{"type":"branch","line":22,"loc":{"start":{"line":22,"column":30},"end":{"line":25,"column":3}},"locations":[{"start":{"line":22,"column":30},"end":{"line":25,"column":3}}]},"4":{"type":"branch","line":23,"loc":{"start":{"line":23,"column":17},"end":{"line":23,"column":24}},"locations":[{"start":{"line":23,"column":17},"end":{"line":23,"column":24}}]},"5":{"type":"branch","line":24,"loc":{"start":{"line":24,"column":17},"end":{"line":24,"column":24}},"locations":[{"start":{"line":24,"column":17},"end":{"line":24,"column":24}}]},"6":{"type":"branch","line":25,"loc":{"start":{"line":25,"column":2},"end":{"line":32,"column":30}},"locations":[{"start":{"line":25,"column":2},"end":{"line":32,"column":30}}]},"7":{"type":"branch","line":32,"loc":{"start":{"line":32,"column":30},"end":{"line":38,"column":3}},"locations":[{"start":{"line":32,"column":30},"end":{"line":38,"column":3}}]},"8":{"type":"branch","line":33,"loc":{"start":{"line":33,"column":20},"end":{"line":33,"column":30}},"locations":[{"start":{"line":33,"column":20},"end":{"line":33,"column":30}}]},"9":{"type":"branch","line":34,"loc":{"start":{"line":34,"column":20},"end":{"line":34,"column":30}},"locations":[{"start":{"line":34,"column":20},"end":{"line":34,"column":30}}]},"10":{"type":"branch","line":38,"loc":{"start":{"line":38,"column":2},"end":{"line":40,"column":20}},"locations":[{"start":{"line":38,"column":2},"end":{"line":40,"column":20}}]},"11":{"type":"branch","line":40,"loc":{"start":{"line":40,"column":15},"end":{"line":40,"column":32}},"locations":[{"start":{"line":40,"column":15},"end":{"line":40,"column":32}}]},"12":{"type":"branch","line":40,"loc":{"start":{"line":40,"column":32},"end":{"line":40,"column":41}},"locations":[{"start":{"line":40,"column":32},"end":{"line":40,"column":41}}]},"13":{"type":"branch","line":40,"loc":{"start":{"line":40,"column":39},"end":{"line":42,"column":1}},"locations":[{"start":{"line":40,"column":39},"end":{"line":42,"column":1}}]},"14":{"type":"branch","line":53,"loc":{"start":{"line":53,"column":0},"end":{"line":58,"column":1}},"locations":[{"start":{"line":53,"column":0},"end":{"line":58,"column":1}}]},"15":{"type":"branch","line":55,"loc":{"start":{"line":55,"column":18},"end":{"line":55,"column":34}},"locations":[{"start":{"line":55,"column":18},"end":{"line":55,"column":34}}]},"16":{"type":"branch","line":55,"loc":{"start":{"line":55,"column":25},"end":{"line":56,"column":25}},"locations":[{"start":{"line":55,"column":25},"end":{"line":56,"column":25}}]},"17":{"type":"branch","line":56,"loc":{"start":{"line":56,"column":18},"end":{"line":56,"column":36}},"locations":[{"start":{"line":56,"column":18},"end":{"line":56,"column":36}}]},"18":{"type":"branch","line":56,"loc":{"start":{"line":56,"column":25},"end":{"line":58,"column":1}},"locations":[{"start":{"line":56,"column":25},"end":{"line":58,"column":1}}]},"19":{"type":"branch","line":70,"loc":{"start":{"line":70,"column":7},"end":{"line":123,"column":1}},"locations":[{"start":{"line":70,"column":7},"end":{"line":123,"column":1}}]},"20":{"type":"branch","line":75,"loc":{"start":{"line":75,"column":67},"end":{"line":75,"column":78}},"locations":[{"start":{"line":75,"column":67},"end":{"line":75,"column":78}}]},"21":{"type":"branch","line":80,"loc":{"start":{"line":80,"column":30},"end":{"line":80,"column":58}},"locations":[{"start":{"line":80,"column":30},"end":{"line":80,"column":58}}]},"22":{"type":"branch","line":81,"loc":{"start":{"line":81,"column":27},"end":{"line":87,"column":3}},"locations":[{"start":{"line":81,"column":27},"end":{"line":87,"column":3}}]},"23":{"type":"branch","line":83,"loc":{"start":{"line":83,"column":16},"end":{"line":83,"column":25}},"locations":[{"start":{"line":83,"column":16},"end":{"line":83,"column":25}}]},"24":{"type":"branch","line":83,"loc":{"start":{"line":83,"column":16},"end":{"line":85,"column":32}},"locations":[{"start":{"line":83,"column":16},"end":{"line":85,"column":32}}]},"25":{"type":"branch","line":85,"loc":{"start":{"line":85,"column":17},"end":{"line":85,"column":48}},"locations":[{"start":{"line":85,"column":17},"end":{"line":85,"column":48}}]},"26":{"type":"branch","line":85,"loc":{"start":{"line":85,"column":48},"end":{"line":85,"column":57}},"locations":[{"start":{"line":85,"column":48},"end":{"line":85,"column":57}}]},"27":{"type":"branch","line":85,"loc":{"start":{"line":85,"column":48},"end":{"line":87,"column":3}},"locations":[{"start":{"line":85,"column":48},"end":{"line":87,"column":3}}]},"28":{"type":"branch","line":90,"loc":{"start":{"line":90,"column":20},"end":{"line":117,"column":3}},"locations":[{"start":{"line":90,"column":20},"end":{"line":117,"column":3}}]},"29":{"type":"branch","line":91,"loc":{"start":{"line":91,"column":35},"end":{"line":116,"column":5}},"locations":[{"start":{"line":91,"column":35},"end":{"line":116,"column":5}}]},"30":{"type":"branch","line":94,"loc":{"start":{"line":94,"column":20},"end":{"line":94,"column":27}},"locations":[{"start":{"line":94,"column":20},"end":{"line":94,"column":27}}]},"31":{"type":"branch","line":98,"loc":{"start":{"line":98,"column":37},"end":{"line":104,"column":7}},"locations":[{"start":{"line":98,"column":37},"end":{"line":104,"column":7}}]},"32":{"type":"branch","line":100,"loc":{"start":{"line":100,"column":33},"end":{"line":103,"column":9}},"locations":[{"start":{"line":100,"column":33},"end":{"line":103,"column":9}}]},"33":{"type":"branch","line":105,"loc":{"start":{"line":105,"column":32},"end":{"line":105,"column":39}},"locations":[{"start":{"line":105,"column":32},"end":{"line":105,"column":39}}]},"34":{"type":"branch","line":105,"loc":{"start":{"line":105,"column":32},"end":{"line":115,"column":9}},"locations":[{"start":{"line":105,"column":32},"end":{"line":115,"column":9}}]},"35":{"type":"branch","line":121,"loc":{"start":{"line":121,"column":15},"end":{"line":121,"column":54}},"locations":[{"start":{"line":121,"column":15},"end":{"line":121,"column":54}}]}},"b":{"0":[42],"1":[2],"2":[40],"3":[333],"4":[0],"5":[0],"6":[40],"7":[333],"8":[0],"9":[0],"10":[40],"11":[38],"12":[4],"13":[36],"14":[28],"15":[16],"16":[12],"17":[0],"18":[12],"19":[22],"20":[0],"21":[49],"22":[427],"23":[10],"24":[417],"25":[397],"26":[40],"27":[377],"28":[49],"29":[36],"30":[0],"31":[311],"32":[286],"33":[8],"34":[28],"35":[18]},"fnMap":{"0":{"name":"pearson","decl":{"start":{"line":16,"column":7},"end":{"line":42,"column":1}},"loc":{"start":{"line":16,"column":7},"end":{"line":42,"column":1}},"line":16},"1":{"name":"strengthOf","decl":{"start":{"line":53,"column":0},"end":{"line":58,"column":1}},"loc":{"start":{"line":53,"column":0},"end":{"line":58,"column":1}},"line":53},"2":{"name":"topCorrelations","decl":{"start":{"line":70,"column":7},"end":{"line":123,"column":1}},"loc":{"start":{"line":70,"column":7},"end":{"line":123,"column":1}},"line":70}},"f":{"0":42,"1":28,"2":22}}
,"C:\\Projects\\life-dashboard\\lib\\dates.ts": {"path":"C:\\Projects\\life-dashboard\\lib\\dates.ts","all":false,"statementMap":{"6":{"start":{"line":7,"column":0},"end":{"line":7,"column":77}},"8":{"start":{"line":9,"column":0},"end":{"line":9,"column":18}},"9":{"start":{"line":10,"column":0},"end":{"line":10,"column":11}},"10":{"start":{"line":11,"column":0},"end":{"line":11,"column":11}},"11":{"start":{"line":12,"column":0},"end":{"line":12,"column":12}},"12":{"start":{"line":13,"column":0},"end":{"line":13,"column":14}},"13":{"start":{"line":14,"column":0},"end":{"line":14,"column":13}},"14":{"start":{"line":15,"column":0},"end":{"line":15,"column":11}},"15":{"start":{"line":16,"column":0},"end":{"line":16,"column":13}},"16":{"start":{"line":17,"column":0},"end":{"line":17,"column":11}},"18":{"start":{"line":19,"column":0},"end":{"line":19,"column":20}},"19":{"start":{"line":20,"column":0},"end":{"line":20,"column":12}},"20":{"start":{"line":21,"column":0},"end":{"line":21,"column":13}},"21":{"start":{"line":22,"column":0},"end":{"line":22,"column":10}},"22":{"start":{"line":23,"column":0},"end":{"line":23,"column":10}},"23":{"start":{"line":24,"column":0},"end":{"line":24,"column":8}},"24":{"start":{"line":25,"column":0},"end":{"line":25,"column":9}},"25":{"start":{"line":26,"column":0},"end":{"line":26,"column":9}},"26":{"start":{"line":27,"column":0},"end":{"line":27,"column":11}},"27":{"start":{"line":28,"column":0},"end":{"line":28,"column":14}},"28":{"start":{"line":29,"column":0},"end":{"line":29,"column":12}},"29":{"start":{"line":30,"column":0},"end":{"line":30,"column":13}},"30":{"start":{"line":31,"column":0},"end":{"line":31,"column":13}},"31":{"start":{"line":32,"column":0},"end":{"line":32,"column":11}},"33":{"start":{"line":34,"column":0},"end":{"line":34,"column":34}},"34":{"start":{"line":35,"column":0},"end":{"line":35,"column":38}},"35":{"start":{"line":36,"column":0},"end":{"line":36,"column":1}},"38":{"start":{"line":39,"column":0},"end":{"line":39,"column":40}},"39":{"start":{"line":40,"column":0},"end":{"line":40,"column":31}},"40":{"start":{"line":41,"column":0},"end":{"line":41,"column":76}},"41":{"start":{"line":42,"column":0},"end":{"line":42,"column":1}},"44":{"start":{"line":45,"column":0},"end":{"line":45,"column":38}},"45":{"start":{"line":46,"column":0},"end":{"line":46,"column":77}},"46":{"start":{"line":47,"column":0},"end":{"line":47,"column":1}},"49":{"start":{"line":50,"column":0},"end":{"line":50,"column":36}},"50":{"start":{"line":51,"column":0},"end":{"line":51,"column":32}},"51":{"start":{"line":52,"column":0},"end":{"line":52,"column":1}},"54":{"start":{"line":55,"column":0},"end":{"line":55,"column":57}},"55":{"start":{"line":56,"column":0},"end":{"line":56,"column":28}},"56":{"start":{"line":57,"column":0},"end":{"line":57,"column":29}},"57":{"start":{"line":58,"column":0},"end":{"line":58,"column":23}},"58":{"start":{"line":59,"column":0},"end":{"line":59,"column":1}},"61":{"start":{"line":62,"column":0},"end":{"line":62,"column":65}},"62":{"start":{"line":63,"column":0},"end":{"line":63,"column":27}},"63":{"start":{"line":64,"column":0},"end":{"line":64,"column":65}},"64":{"start":{"line":65,"column":0},"end":{"line":65,"column":13}},"65":{"start":{"line":66,"column":0},"end":{"line":66,"column":1}},"68":{"start":{"line":69,"column":0},"end":{"line":69,"column":47}},"69":{"start":{"line":70,"column":0},"end":{"line":70,"column":51}},"70":{"start":{"line":71,"column":0},"end":{"line":71,"column":1}},"73":{"start":{"line":74,"column":0},"end":{"line":74,"column":53}},"74":{"start":{"line":75,"column":0},"end":{"line":75,"column":28}},"75":{"start":{"line":76,"column":0},"end":{"line":76,"column":91}},"76":{"start":{"line":77,"column":0},"end":{"line":77,"column":1}}},"s":{"6":1,"8":1,"9":1,"10":1,"11":1,"12":1,"13":1,"14":1,"15":1,"16":1,"18":1,"19":1,"20":1,"21":1,"22":1,"23":1,"24":1,"25":1,"26":1,"27":1,"28":1,"29":1,"30":1,"31":1,"33":1308,"34":1308,"35":1308,"38":664,"39":664,"40":664,"41":664,"44":654,"45":654,"46":654,"49":1,"50":2,"51":2,"54":1,"55":652,"56":652,"57":652,"58":652,"61":1,"62":14,"63":14,"64":14,"65":14,"68":1,"69":8,"70":8,"73":1,"74":4,"75":4,"76":4},"branchMap":{"0":{"type":"branch","line":34,"loc":{"start":{"line":34,"column":0},"end":{"line":36,"column":1}},"locations":[{"start":{"line":34,"column":0},"end":{"line":36,"column":1}}]},"1":{"type":"branch","line":35,"loc":{"start":{"line":35,"column":13},"end":{"line":35,"column":28}},"locations":[{"start":{"line":35,"column":13},"end":{"line":35,"column":28}}]},"2":{"type":"branch","line":35,"loc":{"start":{"line":35,"column":23},"end":{"line":35,"column":38}},"locations":[{"start":{"line":35,"column":23},"end":{"line":35,"column":38}}]},"3":{"type":"branch","line":39,"loc":{"start":{"line":39,"column":0},"end":{"line":42,"column":1}},"locations":[{"start":{"line":39,"column":0},"end":{"line":42,"column":1}}]},"4":{"type":"branch","line":45,"loc":{"start":{"line":45,"column":0},"end":{"line":47,"column":1}},"locations":[{"start":{"line":45,"column":0},"end":{"line":47,"column":1}}]},"5":{"type":"branch","line":50,"loc":{"start":{"line":50,"column":7},"end":{"line":52,"column":1}},"locations":[{"start":{"line":50,"column":7},"end":{"line":52,"column":1}}]},"6":{"type":"branch","line":55,"loc":{"start":{"line":55,"column":7},"end":{"line":59,"column":1}},"locations":[{"start":{"line":55,"column":7},"end":{"line":59,"column":1}}]},"7":{"type":"branch","line":62,"loc":{"start":{"line":62,"column":7},"end":{"line":66,"column":1}},"locations":[{"start":{"line":62,"column":7},"end":{"line":66,"column":1}}]},"8":{"type":"branch","line":64,"loc":{"start":{"line":64,"column":35},"end":{"line":64,"column":65}},"locations":[{"start":{"line":64,"column":35},"end":{"line":64,"column":65}}]},"9":{"type":"branch","line":69,"loc":{"start":{"line":69,"column":7},"end":{"line":71,"column":1}},"locations":[{"start":{"line":69,"column":7},"end":{"line":71,"column":1}}]},"10":{"type":"branch","line":70,"loc":{"start":{"line":70,"column":43},"end":{"line":70,"column":51}},"locations":[{"start":{"line":70,"column":43},"end":{"line":70,"column":51}}]},"11":{"type":"branch","line":74,"loc":{"start":{"line":74,"column":7},"end":{"line":77,"column":1}},"locations":[{"start":{"line":74,"column":7},"end":{"line":77,"column":1}}]},"12":{"type":"branch","line":76,"loc":{"start":{"line":76,"column":31},"end":{"line":76,"column":38}},"locations":[{"start":{"line":76,"column":31},"end":{"line":76,"column":38}}]},"13":{"type":"branch","line":76,"loc":{"start":{"line":76,"column":66},"end":{"line":76,"column":73}},"locations":[{"start":{"line":76,"column":66},"end":{"line":76,"column":73}}]}},"b":{"0":[1308],"1":[766],"2":[542],"3":[664],"4":[654],"5":[2],"6":[652],"7":[14],"8":[106],"9":[8],"10":[0],"11":[4],"12":[0],"13":[0]},"fnMap":{"0":{"name":"pad2","decl":{"start":{"line":34,"column":0},"end":{"line":36,"column":1}},"loc":{"start":{"line":34,"column":0},"end":{"line":36,"column":1}},"line":34},"1":{"name":"parseLocal","decl":{"start":{"line":39,"column":0},"end":{"line":42,"column":1}},"loc":{"start":{"line":39,"column":0},"end":{"line":42,"column":1}},"line":39},"2":{"name":"toLocalISO","decl":{"start":{"line":45,"column":0},"end":{"line":47,"column":1}},"loc":{"start":{"line":45,"column":0},"end":{"line":47,"column":1}},"line":45},"3":{"name":"todayISO","decl":{"start":{"line":50,"column":7},"end":{"line":52,"column":1}},"loc":{"start":{"line":50,"column":7},"end":{"line":52,"column":1}},"line":50},"4":{"name":"addDays","decl":{"start":{"line":55,"column":7},"end":{"line":59,"column":1}},"loc":{"start":{"line":55,"column":7},"end":{"line":59,"column":1}},"line":55},"5":{"name":"lastNDates","decl":{"start":{"line":62,"column":7},"end":{"line":66,"column":1}},"loc":{"start":{"line":62,"column":7},"end":{"line":66,"column":1}},"line":62},"6":{"name":"dayLabel","decl":{"start":{"line":69,"column":7},"end":{"line":71,"column":1}},"loc":{"start":{"line":69,"column":7},"end":{"line":71,"column":1}},"line":69},"7":{"name":"formatDateLong","decl":{"start":{"line":74,"column":7},"end":{"line":77,"column":1}},"loc":{"start":{"line":74,"column":7},"end":{"line":77,"column":1}},"line":74}},"f":{"0":1308,"1":664,"2":654,"3":2,"4":652,"5":14,"6":8,"7":4}}
,"C:\\Projects\\life-dashboard\\lib\\deltas.ts": {"path":"C:\\Projects\\life-dashboard\\lib\\deltas.ts","all":false,"statementMap":{"16":{"start":{"line":17,"column":0},"end":{"line":17,"column":32}},"17":{"start":{"line":18,"column":0},"end":{"line":18,"column":25}},"18":{"start":{"line":19,"column":0},"end":{"line":19,"column":21}},"19":{"start":{"line":20,"column":0},"end":{"line":20,"column":21}},"20":{"start":{"line":21,"column":0},"end":{"line":21,"column":42}},"21":{"start":{"line":22,"column":0},"end":{"line":22,"column":61}},"23":{"start":{"line":24,"column":0},"end":{"line":24,"column":14}},"24":{"start":{"line":25,"column":0},"end":{"line":25,"column":37}},"25":{"start":{"line":26,"column":0},"end":{"line":26,"column":37}},"26":{"start":{"line":27,"column":0},"end":{"line":27,"column":30}},"28":{"start":{"line":29,"column":0},"end":{"line":29,"column":58}},"29":{"start":{"line":30,"column":0},"end":{"line":30,"column":50}},"30":{"start":{"line":31,"column":0},"end":{"line":31,"column":23}},"31":{"start":{"line":32,"column":0},"end":{"line":32,"column":1}}},"s":{"16":1,"17":22,"18":22,"19":22,"20":22,"21":22,"23":20,"24":22,"25":20,"26":22,"28":15,"29":22,"30":22,"31":22},"branchMap":{"0":{"type":"branch","line":17,"loc":{"start":{"line":17,"column":7},"end":{"line":32,"column":1}},"locations":[{"start":{"line":17,"column":7},"end":{"line":32,"column":1}}]},"1":{"type":"branch","line":22,"loc":{"start":{"line":22,"column":18},"end":{"line":22,"column":49}},"locations":[{"start":{"line":22,"column":18},"end":{"line":22,"column":49}}]},"2":{"type":"branch","line":22,"loc":{"start":{"line":22,"column":49},"end":{"line":22,"column":61}},"locations":[{"start":{"line":22,"column":49},"end":{"line":22,"column":61}}]},"3":{"type":"branch","line":22,"loc":{"start":{"line":22,"column":56},"end":{"line":25,"column":35}},"locations":[{"start":{"line":22,"column":56},"end":{"line":25,"column":35}}]},"4":{"type":"branch","line":25,"loc":{"start":{"line":25,"column":28},"end":{"line":25,"column":37}},"locations":[{"start":{"line":25,"column":28},"end":{"line":25,"column":37}}]},"5":{"type":"branch","line":25,"loc":{"start":{"line":25,"column":35},"end":{"line":27,"column":25}},"locations":[{"start":{"line":25,"column":35},"end":{"line":27,"column":25}}]},"6":{"type":"branch","line":27,"loc":{"start":{"line":27,"column":18},"end":{"line":27,"column":30}},"locations":[{"start":{"line":27,"column":18},"end":{"line":27,"column":30}}]},"7":{"type":"branch","line":27,"loc":{"start":{"line":27,"column":25},"end":{"line":30,"column":30}},"locations":[{"start":{"line":27,"column":25},"end":{"line":30,"column":30}}]},"8":{"type":"branch","line":30,"loc":{"start":{"line":30,"column":23},"end":{"line":30,"column":41}},"locations":[{"start":{"line":30,"column":23},"end":{"line":30,"column":41}}]},"9":{"type":"branch","line":30,"loc":{"start":{"line":30,"column":37},"end":{"line":30,"column":50}},"locations":[{"start":{"line":30,"column":37},"end":{"line":30,"column":50}}]}},"b":{"0":[22],"1":[21],"2":[2],"3":[20],"4":[35],"5":[20],"6":[5],"7":[15],"8":[12],"9":[3]},"fnMap":{"0":{"name":"deltaVsBaseline","decl":{"start":{"line":17,"column":7},"end":{"line":32,"column":1}},"loc":{"start":{"line":17,"column":7},"end":{"line":32,"column":1}},"line":17}},"f":{"0":22}}
,"C:\\Projects\\life-dashboard\\lib\\http.ts": {"path":"C:\\Projects\\life-dashboard\\lib\\http.ts","all":false,"statementMap":{"0":{"start":{"line":1,"column":0},"end":{"line":1,"column":3}},"8":{"start":{"line":9,"column":0},"end":{"line":9,"column":74}},"9":{"start":{"line":10,"column":0},"end":{"line":10,"column":59}},"10":{"start":{"line":11,"column":0},"end":{"line":11,"column":1}},"12":{"start":{"line":13,"column":0},"end":{"line":13,"column":52}},"13":{"start":{"line":14,"column":0},"end":{"line":14,"column":56}},"14":{"start":{"line":15,"column":0},"end":{"line":15,"column":68}},"15":{"start":{"line":16,"column":0},"end":{"line":16,"column":1}}},"s":{"0":1,"8":1,"9":5,"10":5,"12":1,"13":17,"14":17,"15":17},"branchMap":{"0":{"type":"branch","line":9,"loc":{"start":{"line":9,"column":7},"end":{"line":11,"column":1}},"locations":[{"start":{"line":9,"column":7},"end":{"line":11,"column":1}}]},"1":{"type":"branch","line":13,"loc":{"start":{"line":13,"column":7},"end":{"line":16,"column":1}},"locations":[{"start":{"line":13,"column":7},"end":{"line":16,"column":1}}]},"2":{"type":"branch","line":14,"loc":{"start":{"line":14,"column":19},"end":{"line":14,"column":39}},"locations":[{"start":{"line":14,"column":19},"end":{"line":14,"column":39}}]},"3":{"type":"branch","line":14,"loc":{"start":{"line":14,"column":39},"end":{"line":14,"column":56}},"locations":[{"start":{"line":14,"column":39},"end":{"line":14,"column":56}}]},"4":{"type":"branch","line":14,"loc":{"start":{"line":14,"column":48},"end":{"line":15,"column":34}},"locations":[{"start":{"line":14,"column":48},"end":{"line":15,"column":34}}]},"5":{"type":"branch","line":15,"loc":{"start":{"line":15,"column":22},"end":{"line":15,"column":38}},"locations":[{"start":{"line":15,"column":22},"end":{"line":15,"column":38}}]},"6":{"type":"branch","line":15,"loc":{"start":{"line":15,"column":34},"end":{"line":15,"column":42}},"locations":[{"start":{"line":15,"column":34},"end":{"line":15,"column":42}}]},"7":{"type":"branch","line":15,"loc":{"start":{"line":15,"column":38},"end":{"line":15,"column":68}},"locations":[{"start":{"line":15,"column":38},"end":{"line":15,"column":68}}]}},"b":{"0":[5],"1":[17],"2":[4],"3":[2],"4":[15],"5":[3],"6":[1],"7":[14]},"fnMap":{"0":{"name":"jsonError","decl":{"start":{"line":9,"column":7},"end":{"line":11,"column":1}},"loc":{"start":{"line":9,"column":7},"end":{"line":11,"column":1}},"line":9},"1":{"name":"toErrorMessage","decl":{"start":{"line":13,"column":7},"end":{"line":16,"column":1}},"loc":{"start":{"line":13,"column":7},"end":{"line":16,"column":1}},"line":13}},"f":{"0":5,"1":17}}
,"C:\\Projects\\life-dashboard\\lib\\streaks.ts": {"path":"C:\\Projects\\life-dashboard\\lib\\streaks.ts","all":false,"statementMap":{"0":{"start":{"line":1,"column":0},"end":{"line":1,"column":65}},"6":{"start":{"line":7,"column":0},"end":{"line":7,"column":85}},"7":{"start":{"line":8,"column":0},"end":{"line":8,"column":54}},"8":{"start":{"line":9,"column":0},"end":{"line":9,"column":1}},"10":{"start":{"line":11,"column":0},"end":{"line":11,"column":62}},"11":{"start":{"line":12,"column":0},"end":{"line":12,"column":40}},"12":{"start":{"line":13,"column":0},"end":{"line":13,"column":52}},"13":{"start":{"line":14,"column":0},"end":{"line":14,"column":13}},"14":{"start":{"line":15,"column":0},"end":{"line":15,"column":1}},"25":{"start":{"line":26,"column":0},"end":{"line":26,"column":27}},"26":{"start":{"line":27,"column":0},"end":{"line":27,"column":19}},"27":{"start":{"line":28,"column":0},"end":{"line":28,"column":15}},"28":{"start":{"line":29,"column":0},"end":{"line":29,"column":21}},"29":{"start":{"line":30,"column":0},"end":{"line":30,"column":16}},"30":{"start":{"line":31,"column":0},"end":{"line":31,"column":11}},"31":{"start":{"line":32,"column":0},"end":{"line":32,"column":39}},"32":{"start":{"line":33,"column":0},"end":{"line":33,"column":59}},"33":{"start":{"line":34,"column":0},"end":{"line":34,"column":17}},"34":{"start":{"line":35,"column":0},"end":{"line":35,"column":12}},"35":{"start":{"line":36,"column":0},"end":{"line":36,"column":34}},"36":{"start":{"line":37,"column":0},"end":{"line":37,"column":67}},"37":{"start":{"line":38,"column":0},"end":{"line":38,"column":13}},"38":{"start":{"line":39,"column":0},"end":{"line":39,"column":27}},"39":{"start":{"line":40,"column":0},"end":{"line":40,"column":3}},"40":{"start":{"line":41,"column":0},"end":{"line":41,"column":16}},"41":{"start":{"line":42,"column":0},"end":{"line":42,"column":1}},"47":{"start":{"line":48,"column":0},"end":{"line":48,"column":29}},"48":{"start":{"line":49,"column":0},"end":{"line":49,"column":19}},"49":{"start":{"line":50,"column":0},"end":{"line":50,"column":15}},"50":{"start":{"line":51,"column":0},"end":{"line":51,"column":21}},"51":{"start":{"line":52,"column":0},"end":{"line":52,"column":16}},"52":{"start":{"line":53,"column":0},"end":{"line":53,"column":9}},"53":{"start":{"line":54,"column":0},"end":{"line":54,"column":54}},"54":{"start":{"line":55,"column":0},"end":{"line":55,"column":39}},"55":{"start":{"line":56,"column":0},"end":{"line":56,"column":45}},"56":{"start":{"line":57,"column":0},"end":{"line":57,"column":35}},"57":{"start":{"line":58,"column":0},"end":{"line":58,"column":72}},"58":{"start":{"line":59,"column":0},"end":{"line":59,"column":68}},"59":{"start":{"line":60,"column":0},"end":{"line":60,"column":5}},"60":{"start":{"line":61,"column":0},"end":{"line":61,"column":1}}},"s":{"0":1,"6":1,"7":68,"8":68,"10":20,"11":20,"12":20,"13":20,"14":20,"25":1,"26":12,"27":12,"28":12,"29":12,"30":12,"31":12,"32":12,"33":12,"34":12,"35":60,"36":60,"37":48,"38":48,"39":48,"40":12,"41":12,"47":1,"48":8,"49":8,"50":8,"51":8,"52":8,"53":8,"54":8,"55":8,"56":50,"57":50,"58":7,"59":8,"60":8},"branchMap":{"0":{"type":"branch","line":7,"loc":{"start":{"line":7,"column":7},"end":{"line":9,"column":1}},"locations":[{"start":{"line":7,"column":7},"end":{"line":9,"column":1}}]},"1":{"type":"branch","line":8,"loc":{"start":{"line":8,"column":17},"end":{"line":8,"column":40}},"locations":[{"start":{"line":8,"column":17},"end":{"line":8,"column":40}}]},"2":{"type":"branch","line":8,"loc":{"start":{"line":8,"column":33},"end":{"line":8,"column":54}},"locations":[{"start":{"line":8,"column":33},"end":{"line":8,"column":54}}]},"3":{"type":"branch","line":11,"loc":{"start":{"line":11,"column":0},"end":{"line":15,"column":1}},"locations":[{"start":{"line":11,"column":0},"end":{"line":15,"column":1}}]},"4":{"type":"branch","line":13,"loc":{"start":{"line":13,"column":27},"end":{"line":13,"column":52}},"locations":[{"start":{"line":13,"column":27},"end":{"line":13,"column":52}}]},"5":{"type":"branch","line":26,"loc":{"start":{"line":26,"column":7},"end":{"line":42,"column":1}},"locations":[{"start":{"line":26,"column":7},"end":{"line":42,"column":1}}]},"6":{"type":"branch","line":33,"loc":{"start":{"line":33,"column":28},"end":{"line":33,"column":40}},"locations":[{"start":{"line":33,"column":28},"end":{"line":33,"column":40}}]},"7":{"type":"branch","line":33,"loc":{"start":{"line":33,"column":32},"end":{"line":33,"column":59}},"locations":[{"start":{"line":33,"column":32},"end":{"line":33,"column":59}}]},"8":{"type":"branch","line":35,"loc":{"start":{"line":35,"column":11},"end":{"line":40,"column":3}},"locations":[{"start":{"line":35,"column":11},"end":{"line":40,"column":3}}]},"9":{"type":"branch","line":37,"loc":{"start":{"line":37,"column":18},"end":{"line":37,"column":61}},"locations":[{"start":{"line":37,"column":18},"end":{"line":37,"column":61}}]},"10":{"type":"branch","line":37,"loc":{"start":{"line":37,"column":61},"end":{"line":37,"column":67}},"locations":[{"start":{"line":37,"column":61},"end":{"line":37,"column":67}}]},"11":{"type":"branch","line":37,"loc":{"start":{"line":37,"column":61},"end":{"line":40,"column":3}},"locations":[{"start":{"line":37,"column":61},"end":{"line":40,"column":3}}]},"12":{"type":"branch","line":48,"loc":{"start":{"line":48,"column":7},"end":{"line":61,"column":1}},"locations":[{"start":{"line":48,"column":7},"end":{"line":61,"column":1}}]},"13":{"type":"branch","line":56,"loc":{"start":{"line":56,"column":34},"end":{"line":60,"column":3}},"locations":[{"start":{"line":56,"column":34},"end":{"line":60,"column":3}}]},"14":{"type":"branch","line":58,"loc":{"start":{"line":58,"column":29},"end":{"line":58,"column":72}},"locations":[{"start":{"line":58,"column":29},"end":{"line":58,"column":72}}]},"15":{"type":"branch","line":58,"loc":{"start":{"line":58,"column":70},"end":{"line":59,"column":68}},"locations":[{"start":{"line":58,"column":70},"end":{"line":59,"column":68}}]}},"b":{"0":[68],"1":[57],"2":[11],"3":[20],"4":[69],"5":[12],"6":[9],"7":[3],"8":[60],"9":[52],"10":[12],"11":[48],"12":[8],"13":[50],"14":[43],"15":[7]},"fnMap":{"0":{"name":"meetsGoal","decl":{"start":{"line":7,"column":7},"end":{"line":9,"column":1}},"loc":{"start":{"line":7,"column":7},"end":{"line":9,"column":1}},"line":7},"1":{"name":"valuesByDate","decl":{"start":{"line":11,"column":0},"end":{"line":15,"column":1}},"loc":{"start":{"line":11,"column":0},"end":{"line":15,"column":1}},"line":11},"2":{"name":"streakDays","decl":{"start":{"line":26,"column":7},"end":{"line":42,"column":1}},"loc":{"start":{"line":26,"column":7},"end":{"line":42,"column":1}},"line":26},"3":{"name":"lastNDayHits","decl":{"start":{"line":48,"column":7},"end":{"line":61,"column":1}},"loc":{"start":{"line":48,"column":7},"end":{"line":61,"column":1}},"line":48}},"f":{"0":68,"1":20,"2":12,"3":8}}
,"C:\\Projects\\life-dashboard\\lib\\validate.ts": {"path":"C:\\Projects\\life-dashboard\\lib\\validate.ts","all":false,"statementMap":{"6":{"start":{"line":7,"column":0},"end":{"line":7,"column":49}},"8":{"start":{"line":9,"column":0},"end":{"line":9,"column":75}},"9":{"start":{"line":10,"column":0},"end":{"line":10,"column":93}},"12":{"start":{"line":13,"column":0},"end":{"line":13,"column":61}},"13":{"start":{"line":14,"column":0},"end":{"line":14,"column":9}},"14":{"start":{"line":15,"column":0},"end":{"line":15,"column":7}},"15":{"start":{"line":16,"column":0},"end":{"line":16,"column":11}},"16":{"start":{"line":17,"column":0},"end":{"line":17,"column":11}},"17":{"start":{"line":18,"column":0},"end":{"line":18,"column":2}},"20":{"start":{"line":21,"column":0},"end":{"line":21,"column":60}},"21":{"start":{"line":22,"column":0},"end":{"line":22,"column":8}},"22":{"start":{"line":23,"column":0},"end":{"line":23,"column":9}},"23":{"start":{"line":24,"column":0},"end":{"line":24,"column":16}},"24":{"start":{"line":25,"column":0},"end":{"line":25,"column":12}},"25":{"start":{"line":26,"column":0},"end":{"line":26,"column":2}},"27":{"start":{"line":28,"column":0},"end":{"line":28,"column":57}},"28":{"start":{"line":29,"column":0},"end":{"line":29,"column":75}},"29":{"start":{"line":30,"column":0},"end":{"line":30,"column":1}},"31":{"start":{"line":32,"column":0},"end":{"line":32,"column":75}},"32":{"start":{"line":33,"column":0},"end":{"line":33,"column":34}},"33":{"start":{"line":34,"column":0},"end":{"line":34,"column":1}},"35":{"start":{"line":36,"column":0},"end":{"line":36,"column":65}},"36":{"start":{"line":37,"column":0},"end":{"line":37,"column":80}},"37":{"start":{"line":38,"column":0},"end":{"line":38,"column":1}},"39":{"start":{"line":40,"column":0},"end":{"line":40,"column":57}},"40":{"start":{"line":41,"column":0},"end":{"line":41,"column":53}},"41":{"start":{"line":42,"column":0},"end":{"line":42,"column":1}},"44":{"start":{"line":45,"column":0},"end":{"line":45,"column":47}},"45":{"start":{"line":46,"column":0},"end":{"line":46,"column":19}},"46":{"start":{"line":47,"column":0},"end":{"line":47,"column":18}},"47":{"start":{"line":48,"column":0},"end":{"line":48,"column":11}},"48":{"start":{"line":49,"column":0},"end":{"line":49,"column":32}},"49":{"start":{"line":50,"column":0},"end":{"line":50,"column":29}},"50":{"start":{"line":51,"column":0},"end":{"line":51,"column":26}},"51":{"start":{"line":52,"column":0},"end":{"line":52,"column":1}}},"s":{"6":1,"8":1,"9":1,"12":1,"13":1,"14":1,"15":1,"16":1,"17":1,"20":1,"21":1,"22":1,"23":1,"24":1,"25":1,"27":1,"28":13,"29":13,"31":1,"32":10,"33":10,"35":1,"36":11,"37":11,"39":1,"40":15,"41":15,"44":1,"45":20,"46":20,"47":20,"48":20,"49":20,"50":20,"51":20},"branchMap":{"0":{"type":"branch","line":28,"loc":{"start":{"line":28,"column":7},"end":{"line":30,"column":1}},"locations":[{"start":{"line":28,"column":7},"end":{"line":30,"column":1}}]},"1":{"type":"branch","line":29,"loc":{"start":{"line":29,"column":22},"end":{"line":29,"column":75}},"locations":[{"start":{"line":29,"column":22},"end":{"line":29,"column":75}}]},"2":{"type":"branch","line":32,"loc":{"start":{"line":32,"column":7},"end":{"line":34,"column":1}},"locations":[{"start":{"line":32,"column":7},"end":{"line":34,"column":1}}]},"3":{"type":"branch","line":33,"loc":{"start":{"line":33,"column":15},"end":{"line":33,"column":34}},"locations":[{"start":{"line":33,"column":15},"end":{"line":33,"column":34}}]},"4":{"type":"branch","line":36,"loc":{"start":{"line":36,"column":7},"end":{"line":38,"column":1}},"locations":[{"start":{"line":36,"column":7},"end":{"line":38,"column":1}}]},"5":{"type":"branch","line":37,"loc":{"start":{"line":37,"column":22},"end":{"line":37,"column":80}},"locations":[{"start":{"line":37,"column":22},"end":{"line":37,"column":80}}]},"6":{"type":"branch","line":40,"loc":{"start":{"line":40,"column":7},"end":{"line":42,"column":1}},"locations":[{"start":{"line":40,"column":7},"end":{"line":42,"column":1}}]},"7":{"type":"branch","line":41,"loc":{"start":{"line":41,"column":22},"end":{"line":41,"column":53}},"locations":[{"start":{"line":41,"column":22},"end":{"line":41,"column":53}}]},"8":{"type":"branch","line":45,"loc":{"start":{"line":45,"column":7},"end":{"line":52,"column":1}},"locations":[{"start":{"line":45,"column":7},"end":{"line":52,"column":1}}]},"9":{"type":"branch","line":51,"loc":{"start":{"line":51,"column":9},"end":{"line":51,"column":26}},"locations":[{"start":{"line":51,"column":9},"end":{"line":51,"column":26}}]}},"b":{"0":[13],"1":[8],"2":[10],"3":[9],"4":[11],"5":[7],"6":[15],"7":[8],"8":[20],"9":[6]},"fnMap":{"0":{"name":"isUnit","decl":{"start":{"line":28,"column":7},"end":{"line":30,"column":1}},"loc":{"start":{"line":28,"column":7},"end":{"line":30,"column":1}},"line":28},"1":{"name":"isGoalDirection","decl":{"start":{"line":32,"column":7},"end":{"line":34,"column":1}},"loc":{"start":{"line":32,"column":7},"end":{"line":34,"column":1}},"line":32},"2":{"name":"isCategory","decl":{"start":{"line":36,"column":7},"end":{"line":38,"column":1}},"loc":{"start":{"line":36,"column":7},"end":{"line":38,"column":1}},"line":36},"3":{"name":"isFiniteNumber","decl":{"start":{"line":40,"column":7},"end":{"line":42,"column":1}},"loc":{"start":{"line":40,"column":7},"end":{"line":42,"column":1}},"line":40},"4":{"name":"slugify","decl":{"start":{"line":45,"column":7},"end":{"line":52,"column":1}},"loc":{"start":{"line":45,"column":7},"end":{"line":52,"column":1}},"line":45}},"f":{"0":13,"1":10,"2":11,"3":15,"4":20}}
,"C:\\Projects\\life-dashboard\\lib\\health\\match.ts": {"path":"C:\\Projects\\life-dashboard\\lib\\health\\match.ts","all":false,"statementMap":{"12":{"start":{"line":13,"column":0},"end":{"line":13,"column":42}},"19":{"start":{"line":20,"column":0},"end":{"line":20,"column":49}},"20":{"start":{"line":21,"column":0},"end":{"line":21,"column":51}},"21":{"start":{"line":22,"column":0},"end":{"line":22,"column":1}},"40":{"start":{"line":41,"column":0},"end":{"line":41,"column":54}},"41":{"start":{"line":42,"column":0},"end":{"line":42,"column":34}},"42":{"start":{"line":43,"column":0},"end":{"line":43,"column":49}},"43":{"start":{"line":44,"column":0},"end":{"line":44,"column":3}},"44":{"start":{"line":45,"column":0},"end":{"line":45,"column":34}},"45":{"start":{"line":46,"column":0},"end":{"line":46,"column":33}},"46":{"start":{"line":47,"column":0},"end":{"line":47,"column":36}},"47":{"start":{"line":48,"column":0},"end":{"line":48,"column":30}},"48":{"start":{"line":49,"column":0},"end":{"line":49,"column":41}},"49":{"start":{"line":50,"column":0},"end":{"line":50,"column":3}},"50":{"start":{"line":51,"column":0},"end":{"line":51,"column":14}},"51":{"start":{"line":52,"column":0},"end":{"line":52,"column":1}},"67":{"start":{"line":68,"column":0},"end":{"line":68,"column":35}},"68":{"start":{"line":69,"column":0},"end":{"line":69,"column":35}},"69":{"start":{"line":70,"column":0},"end":{"line":70,"column":42}},"70":{"start":{"line":71,"column":0},"end":{"line":71,"column":21}},"71":{"start":{"line":72,"column":0},"end":{"line":72,"column":16}},"74":{"start":{"line":75,"column":0},"end":{"line":75,"column":25}},"75":{"start":{"line":76,"column":0},"end":{"line":76,"column":34}},"76":{"start":{"line":77,"column":0},"end":{"line":77,"column":65}},"77":{"start":{"line":78,"column":0},"end":{"line":78,"column":19}},"78":{"start":{"line":79,"column":0},"end":{"line":79,"column":3}},"82":{"start":{"line":83,"column":0},"end":{"line":83,"column":42}},"83":{"start":{"line":84,"column":0},"end":{"line":84,"column":14}},"84":{"start":{"line":85,"column":0},"end":{"line":85,"column":31}},"85":{"start":{"line":86,"column":0},"end":{"line":86,"column":35}},"86":{"start":{"line":87,"column":0},"end":{"line":87,"column":6}},"88":{"start":{"line":89,"column":0},"end":{"line":89,"column":47}},"89":{"start":{"line":90,"column":0},"end":{"line":90,"column":45}},"91":{"start":{"line":92,"column":0},"end":{"line":92,"column":43}},"92":{"start":{"line":93,"column":0},"end":{"line":93,"column":61}},"94":{"start":{"line":95,"column":0},"end":{"line":95,"column":45}},"95":{"start":{"line":96,"column":0},"end":{"line":96,"column":25}},"96":{"start":{"line":97,"column":0},"end":{"line":97,"column":57}},"97":{"start":{"line":98,"column":0},"end":{"line":98,"column":15}},"98":{"start":{"line":99,"column":0},"end":{"line":99,"column":5}},"100":{"start":{"line":101,"column":0},"end":{"line":101,"column":38}},"101":{"start":{"line":102,"column":0},"end":{"line":102,"column":87}},"102":{"start":{"line":103,"column":0},"end":{"line":103,"column":15}},"103":{"start":{"line":104,"column":0},"end":{"line":104,"column":58}},"104":{"start":{"line":105,"column":0},"end":{"line":105,"column":15}},"105":{"start":{"line":106,"column":0},"end":{"line":106,"column":5}},"107":{"start":{"line":108,"column":0},"end":{"line":108,"column":59}},"108":{"start":{"line":109,"column":0},"end":{"line":109,"column":3}},"110":{"start":{"line":111,"column":0},"end":{"line":111,"column":37}},"111":{"start":{"line":112,"column":0},"end":{"line":112,"column":1}}},"s":{"12":1,"19":1,"20":333,"21":333,"40":55,"41":55,"42":40,"43":40,"44":55,"45":11,"46":11,"47":9,"48":11,"49":11,"50":4,"51":4,"67":1,"68":38,"69":38,"70":38,"71":38,"74":38,"75":38,"76":38,"77":3,"78":3,"82":38,"83":143,"84":143,"85":143,"86":38,"88":38,"89":38,"91":38,"92":65,"94":55,"95":65,"96":15,"97":15,"98":15,"100":40,"101":40,"102":65,"103":6,"104":6,"105":6,"107":34,"108":34,"110":38,"111":38},"branchMap":{"0":{"type":"branch","line":20,"loc":{"start":{"line":20,"column":7},"end":{"line":22,"column":1}},"locations":[{"start":{"line":20,"column":7},"end":{"line":22,"column":1}}]},"1":{"type":"branch","line":41,"loc":{"start":{"line":41,"column":0},"end":{"line":52,"column":1}},"locations":[{"start":{"line":41,"column":0},"end":{"line":52,"column":1}}]},"2":{"type":"branch","line":42,"loc":{"start":{"line":42,"column":33},"end":{"line":44,"column":3}},"locations":[{"start":{"line":42,"column":33},"end":{"line":44,"column":3}}]},"3":{"type":"branch","line":43,"loc":{"start":{"line":43,"column":32},"end":{"line":43,"column":44}},"locations":[{"start":{"line":43,"column":32},"end":{"line":43,"column":44}}]},"4":{"type":"branch","line":43,"loc":{"start":{"line":43,"column":36},"end":{"line":43,"column":49}},"locations":[{"start":{"line":43,"column":36},"end":{"line":43,"column":49}}]},"5":{"type":"branch","line":44,"loc":{"start":{"line":44,"column":2},"end":{"line":45,"column":33}},"locations":[{"start":{"line":44,"column":2},"end":{"line":45,"column":33}}]},"6":{"type":"branch","line":45,"loc":{"start":{"line":45,"column":33},"end":{"line":50,"column":3}},"locations":[{"start":{"line":45,"column":33},"end":{"line":50,"column":3}}]},"7":{"type":"branch","line":47,"loc":{"start":{"line":47,"column":24},"end":{"line":47,"column":36}},"locations":[{"start":{"line":47,"column":24},"end":{"line":47,"column":36}}]},"8":{"type":"branch","line":47,"loc":{"start":{"line":47,"column":31},"end":{"line":49,"column":32}},"locations":[{"start":{"line":47,"column":31},"end":{"line":49,"column":32}}]},"9":{"type":"branch","line":49,"loc":{"start":{"line":49,"column":28},"end":{"line":49,"column":36}},"locations":[{"start":{"line":49,"column":28},"end":{"line":49,"column":36}}]},"10":{"type":"branch","line":49,"loc":{"start":{"line":49,"column":32},"end":{"line":49,"column":41}},"locations":[{"start":{"line":49,"column":32},"end":{"line":49,"column":41}}]},"11":{"type":"branch","line":50,"loc":{"start":{"line":50,"column":2},"end":{"line":52,"column":1}},"locations":[{"start":{"line":50,"column":2},"end":{"line":52,"column":1}}]},"12":{"type":"branch","line":68,"loc":{"start":{"line":68,"column":7},"end":{"line":112,"column":1}},"locations":[{"start":{"line":68,"column":7},"end":{"line":112,"column":1}}]},"13":{"type":"branch","line":77,"loc":{"start":{"line":77,"column":25},"end":{"line":77,"column":64}},"locations":[{"start":{"line":77,"column":25},"end":{"line":77,"column":64}}]},"14":{"type":"branch","line":77,"loc":{"start":{"line":77,"column":64},"end":{"line":79,"column":3}},"locations":[{"start":{"line":77,"column":64},"end":{"line":79,"column":3}}]},"15":{"type":"branch","line":92,"loc":{"start":{"line":92,"column":42},"end":{"line":109,"column":3}},"locations":[{"start":{"line":92,"column":42},"end":{"line":109,"column":3}}]},"16":{"type":"branch","line":93,"loc":{"start":{"line":93,"column":24},"end":{"line":93,"column":61}},"locations":[{"start":{"line":93,"column":24},"end":{"line":93,"column":61}}]},"17":{"type":"branch","line":93,"loc":{"start":{"line":93,"column":24},"end":{"line":96,"column":24}},"locations":[{"start":{"line":93,"column":24},"end":{"line":96,"column":24}}]},"18":{"type":"branch","line":96,"loc":{"start":{"line":96,"column":24},"end":{"line":99,"column":5}},"locations":[{"start":{"line":96,"column":24},"end":{"line":99,"column":5}}]},"19":{"type":"branch","line":99,"loc":{"start":{"line":99,"column":4},"end":{"line":103,"column":14}},"locations":[{"start":{"line":99,"column":4},"end":{"line":103,"column":14}}]},"20":{"type":"branch","line":103,"loc":{"start":{"line":103,"column":14},"end":{"line":106,"column":5}},"locations":[{"start":{"line":103,"column":14},"end":{"line":106,"column":5}}]},"21":{"type":"branch","line":106,"loc":{"start":{"line":106,"column":4},"end":{"line":109,"column":3}},"locations":[{"start":{"line":106,"column":4},"end":{"line":109,"column":3}}]},"22":{"type":"branch","line":83,"loc":{"start":{"line":83,"column":33},"end":{"line":87,"column":4}},"locations":[{"start":{"line":83,"column":33},"end":{"line":87,"column":4}}]},"23":{"type":"branch","line":102,"loc":{"start":{"line":102,"column":32},"end":{"line":102,"column":85}},"locations":[{"start":{"line":102,"column":32},"end":{"line":102,"column":85}}]},"24":{"type":"branch","line":102,"loc":{"start":{"line":102,"column":52},"end":{"line":102,"column":85}},"locations":[{"start":{"line":102,"column":52},"end":{"line":102,"column":85}}]}},"b":{"0":[333],"1":[55],"2":[40],"3":[38],"4":[2],"5":[15],"6":[11],"7":[2],"8":[9],"9":[2],"10":[7],"11":[4],"12":[38],"13":[9],"14":[3],"15":[65],"16":[10],"17":[55],"18":[15],"19":[40],"20":[6],"21":[34],"22":[143],"23":[106],"24":[73]},"fnMap":{"0":{"name":"normalizeKey","decl":{"start":{"line":20,"column":7},"end":{"line":22,"column":1}},"loc":{"start":{"line":20,"column":7},"end":{"line":22,"column":1}},"line":20},"1":{"name":"coerceNumber","decl":{"start":{"line":41,"column":0},"end":{"line":52,"column":1}},"loc":{"start":{"line":41,"column":0},"end":{"line":52,"column":1}},"line":41},"2":{"name":"matchHealthPayload","decl":{"start":{"line":68,"column":7},"end":{"line":112,"column":1}},"loc":{"start":{"line":68,"column":7},"end":{"line":112,"column":1}},"line":68}},"f":{"0":333,"1":55,"2":38}}
,"C:\\Projects\\life-dashboard\\lib\\health\\token.ts": {"path":"C:\\Projects\\life-dashboard\\lib\\health\\token.ts","all":false,"statementMap":{"0":{"start":{"line":1,"column":0},"end":{"line":1,"column":3}},"17":{"start":{"line":18,"column":0},"end":{"line":18,"column":36}},"18":{"start":{"line":19,"column":0},"end":{"line":19,"column":97}},"19":{"start":{"line":20,"column":0},"end":{"line":20,"column":1}},"21":{"start":{"line":22,"column":0},"end":{"line":22,"column":40}},"24":{"start":{"line":25,"column":0},"end":{"line":25,"column":34}},"25":{"start":{"line":26,"column":0},"end":{"line":26,"column":54}},"26":{"start":{"line":27,"column":0},"end":{"line":27,"column":1}},"32":{"start":{"line":33,"column":0},"end":{"line":33,"column":65}},"33":{"start":{"line":34,"column":0},"end":{"line":34,"column":49}},"34":{"start":{"line":35,"column":0},"end":{"line":35,"column":32}},"35":{"start":{"line":36,"column":0},"end":{"line":36,"column":32}},"36":{"start":{"line":37,"column":0},"end":{"line":37,"column":39}},"37":{"start":{"line":38,"column":0},"end":{"line":38,"column":15}},"38":{"start":{"line":39,"column":0},"end":{"line":39,"column":1}},"41":{"start":{"line":42,"column":0},"end":{"line":42,"column":60}},"42":{"start":{"line":43,"column":0},"end":{"line":43,"column":32}},"43":{"start":{"line":44,"column":0},"end":{"line":44,"column":39}},"44":{"start":{"line":45,"column":0},"end":{"line":45,"column":15}},"45":{"start":{"line":46,"column":0},"end":{"line":46,"column":1}},"53":{"start":{"line":54,"column":0},"end":{"line":54,"column":78}},"54":{"start":{"line":55,"column":0},"end":{"line":55,"column":47}},"55":{"start":{"line":56,"column":0},"end":{"line":56,"column":28}},"57":{"start":{"line":58,"column":0},"end":{"line":58,"column":43}},"58":{"start":{"line":59,"column":0},"end":{"line":59,"column":40}},"59":{"start":{"line":60,"column":0},"end":{"line":60,"column":42}},"60":{"start":{"line":61,"column":0},"end":{"line":61,"column":38}},"61":{"start":{"line":62,"column":0},"end":{"line":62,"column":1}}},"s":{"0":1,"17":1,"18":0,"19":0,"21":1,"24":58,"25":58,"26":58,"32":36,"33":36,"34":36,"35":34,"36":34,"37":34,"38":34,"41":24,"42":24,"43":24,"44":24,"45":24,"53":16,"54":16,"55":16,"57":14,"58":14,"59":16,"60":8,"61":8},"branchMap":{"0":{"type":"branch","line":18,"loc":{"start":{"line":18,"column":35},"end":{"line":20,"column":1}},"locations":[{"start":{"line":18,"column":35},"end":{"line":20,"column":1}}]},"1":{"type":"branch","line":25,"loc":{"start":{"line":25,"column":0},"end":{"line":27,"column":1}},"locations":[{"start":{"line":25,"column":0},"end":{"line":27,"column":1}}]},"2":{"type":"branch","line":33,"loc":{"start":{"line":33,"column":0},"end":{"line":39,"column":1}},"locations":[{"start":{"line":33,"column":0},"end":{"line":39,"column":1}}]},"3":{"type":"branch","line":35,"loc":{"start":{"line":35,"column":16},"end":{"line":35,"column":32}},"locations":[{"start":{"line":35,"column":16},"end":{"line":35,"column":32}}]},"4":{"type":"branch","line":35,"loc":{"start":{"line":35,"column":23},"end":{"line":39,"column":1}},"locations":[{"start":{"line":35,"column":23},"end":{"line":39,"column":1}}]},"5":{"type":"branch","line":42,"loc":{"start":{"line":42,"column":0},"end":{"line":46,"column":1}},"locations":[{"start":{"line":42,"column":0},"end":{"line":46,"column":1}}]},"6":{"type":"branch","line":54,"loc":{"start":{"line":54,"column":0},"end":{"line":62,"column":1}},"locations":[{"start":{"line":54,"column":0},"end":{"line":62,"column":1}}]},"7":{"type":"branch","line":56,"loc":{"start":{"line":56,"column":15},"end":{"line":56,"column":28}},"locations":[{"start":{"line":56,"column":15},"end":{"line":56,"column":28}}]},"8":{"type":"branch","line":56,"loc":{"start":{"line":56,"column":22},"end":{"line":60,"column":36}},"locations":[{"start":{"line":56,"column":22},"end":{"line":60,"column":36}}]},"9":{"type":"branch","line":60,"loc":{"start":{"line":60,"column":29},"end":{"line":60,"column":42}},"locations":[{"start":{"line":60,"column":29},"end":{"line":60,"column":42}}]},"10":{"type":"branch","line":60,"loc":{"start":{"line":60,"column":36},"end":{"line":62,"column":1}},"locations":[{"start":{"line":60,"column":36},"end":{"line":62,"column":1}}]}},"b":{"0":[0],"1":[58],"2":[36],"3":[2],"4":[34],"5":[24],"6":[16],"7":[2],"8":[14],"9":[6],"10":[8]},"fnMap":{"0":{"name":"generateToken","decl":{"start":{"line":25,"column":0},"end":{"line":27,"column":1}},"loc":{"start":{"line":25,"column":0},"end":{"line":27,"column":1}},"line":25},"1":{"name":"getOrCreateHealthToken","decl":{"start":{"line":33,"column":0},"end":{"line":39,"column":1}},"loc":{"start":{"line":33,"column":0},"end":{"line":39,"column":1}},"line":33},"2":{"name":"rotateHealthToken","decl":{"start":{"line":42,"column":0},"end":{"line":46,"column":1}},"loc":{"start":{"line":42,"column":0},"end":{"line":46,"column":1}},"line":42},"3":{"name":"verifyHealthToken","decl":{"start":{"line":54,"column":0},"end":{"line":62,"column":1}},"loc":{"start":{"line":54,"column":0},"end":{"line":62,"column":1}},"line":54}},"f":{"0":58,"1":36,"2":24,"3":16}}
}
